<?xml version="1.0" encoding="utf-8"?><testsuites name="pytest tests"><testsuite name="pytest" errors="0" failures="0" skipped="0" tests="22" time="0.439" timestamp="2025-11-06T21:38:27.327730+02:00" hostname="Iljas-MacBook-Air.local"><testcase classname="tests.test_basic_functionality.TestBasicDatabase" name="test_database_initialization" time="0.000" /><testcase classname="tests.test_basic_functionality.TestBasicDatabase" name="test_account_operations" time="0.000" /><testcase classname="tests.test_basic_functionality.TestBasicDatabase" name="test_user_operations" time="0.001" /><testcase classname="tests.test_basic_functionality.TestBasicTimeEngine" name="test_time_engine_initialization" time="0.001" /><testcase classname="tests.test_basic_functionality.TestBasicTimeEngine" name="test_quarter_calculation" time="0.000" /><testcase classname="tests.test_basic_functionality.TestBasicUsageSimulator" name="test_usage_simulator_initialization" time="0.000" /><testcase classname="tests.test_basic_functionality.TestBasicUsageSimulator" name="test_usage_injection_basic" time="0.001" /><testcase classname="tests.test_basic_functionality.TestBasicScenarios" name="test_sequence_scenario_initialization" time="0.001" /><testcase classname="tests.test_basic_functionality.TestBasicScenarios" name="test_scenario_setup" time="0.001" /><testcase classname="tests.test_basic_functionality.TestBasicScenarios" name="test_scenario_registry_initialization" time="0.000" /><testcase classname="tests.test_basic_functionality.TestBasicScenarios" name="test_scenario_registry_has_scenarios" time="0.000" /><testcase classname="tests.test_basic_functionality.TestBasicPeriodicLimits" name="test_periodic_limits_import" time="0.000" /><testcase classname="tests.test_basic_functionality.TestBasicPeriodicLimits" name="test_decay_calculation_basic" time="0.000" /><testcase classname="tests.test_basic_functionality.TestBasicPeriodicLimits" name="test_qos_basic_operations" time="0.000" /><testcase classname="tests.test_basic_functionality.TestBasicCommands" name="test_command_imports" time="0.002" /><testcase classname="tests.test_basic_functionality.TestBasicCommands" name="test_basic_command_handling" time="0.000" /><testcase classname="tests.test_basic_functionality.TestBasicCLI" name="test_cli_imports" time="0.004" /><testcase classname="tests.test_imports" name="test_core_modules_import" time="0.000" /><testcase classname="tests.test_imports" name="test_periodic_limits_modules_import" time="0.000" /><testcase classname="tests.test_imports" name="test_command_modules_import" time="0.000" /><testcase classname="tests.test_imports" name="test_scenario_modules_import" time="0.000" /><testcase classname="tests.test_imports" name="test_cli_modules_import" time="0.001" /></testsuite></testsuites>
